<?xml version="1.0" encoding="UTF-8"?>
<!-- Generated by org.testng.reporters.JUnitReportReporter -->
<testsuite hostname="Srivarshitha" failures="0" tests="1" name="GroupExecutions.Test1" time="0.009" errors="0" timestamp="2024-11-06T12:15:20 IST" skipped="0">
  <testcase classname="GroupExecutions.Test1" name="demo1" time="0.009"/>
  <system-out>
    <![CDATA[Test1-demo1-smoke]]>
  </system-out>
</testsuite> <!-- GroupExecutions.Test1 -->
