<?xml version="1.0" encoding="UTF-8"?>
<!-- Generated by org.testng.reporters.JUnitReportReporter -->
<testsuite hostname="Srivarshitha" failures="0" tests="1" name="assertionsch3.WhyNotIfElse" time="0.009" errors="0" timestamp="2024-11-08T12:04:02 IST" skipped="0">
  <testcase classname="assertionsch3.WhyNotIfElse" name="Demo" time="0.009"/>
  <system-out/>
</testsuite> <!-- assertionsch3.WhyNotIfElse -->
