<?xml version="1.0" encoding="UTF-8"?>
<!-- Generated by org.testng.reporters.JUnitReportReporter -->
<testsuite hostname="Srivarshitha" failures="0" tests="2" name="CrossBrowserparallel.Test1" time="9.082" errors="0" timestamp="2024-11-06T13:42:43 IST" skipped="0">
  <testcase classname="CrossBrowserparallel.Test1" name="googleTest" time="4.151"/>
  <system-out/>
  <testcase classname="CrossBrowserparallel.Test1" name="googleTest" time="4.931"/>
  <system-out/>
</testsuite> <!-- CrossBrowserparallel.Test1 -->
