<?xml version="1.0" encoding="UTF-8"?>
<!-- Generated by org.testng.reporters.JUnitReportReporter -->
<testsuite hostname="Srivarshitha" failures="0" tests="2" name="distributedParallelCh3.Test5" time="0.007" errors="0" timestamp="2024-11-06T13:29:54 IST" skipped="0">
  <testcase classname="distributedParallelCh3.Test5" name="demo2" time="0.006"/>
  <system-out/>
  <testcase classname="distributedParallelCh3.Test5" name="demo1" time="0.001"/>
  <system-out/>
</testsuite> <!-- distributedParallelCh3.Test5 -->
