<?xml version="1.0" encoding="UTF-8"?>
<!-- Generated by org.testng.reporters.JUnitReportReporter -->
<testsuite hostname="Srivarshitha" failures="0" tests="1" name="annotations.LoginTest" time="2.584" errors="0" timestamp="2024-11-05T20:05:48 IST" skipped="0">
  <testcase classname="annotations.LoginTest" name="loginTest" time="2.584"/>
  <system-out/>
</testsuite> <!-- annotations.LoginTest -->
