<?xml version="1.0" encoding="UTF-8"?>
<!-- Generated by org.testng.reporters.JUnitReportReporter -->
<testsuite hostname="Srivarshitha" failures="0" tests="1" name="annotations.TestClass" time="0.011" errors="0" timestamp="2024-11-05T13:23:49 IST" skipped="0">
  <testcase classname="annotations.TestClass" name="testMethod" time="0.011"/>
  <system-out>
    <![CDATA[@Test]]>
  </system-out>
</testsuite> <!-- annotations.TestClass -->
