<?xml version="1.0" encoding="UTF-8"?>
<!-- Generated by org.testng.reporters.JUnitReportReporter -->
<testsuite hostname="Srivarshitha" failures="0" tests="4" name="TestNG.DataProvidersLogin" time="27.652" errors="0" timestamp="2024-11-08T12:59:33 IST" skipped="0">
  <testcase classname="TestNG.DataProvidersLogin" name="loginTest" time="5.555"/>
  <system-out/>
  <testcase classname="TestNG.DataProvidersLogin" name="loginTest" time="6.760"/>
  <system-out/>
  <testcase classname="TestNG.DataProvidersLogin" name="loginTest" time="9.828"/>
  <system-out/>
  <testcase classname="TestNG.DataProvidersLogin" name="loginTest" time="5.509"/>
  <system-out/>
</testsuite> <!-- TestNG.DataProvidersLogin -->
