<?xml version="1.0" encoding="UTF-8"?>
<!-- Generated by org.testng.reporters.JUnitReportReporter -->
<testsuite hostname="Srivarshitha" failures="0" tests="1" name="TestNG.SampleTest" time="0.004" errors="0" timestamp="2024-11-06T11:31:35 IST" skipped="0">
  <testcase classname="TestNG.SampleTest" name="demo" time="0.004"/>
  <system-out>
    <![CDATA[Hello World]]>
  </system-out>
</testsuite> <!-- TestNG.SampleTest -->
