<?xml version="1.0" encoding="UTF-8"?>
<!-- Generated by org.testng.reporters.JUnitReportReporter -->
<testsuite hostname="Srivarshitha" failures="0" tests="2" name="GroupExecutions.Test2" time="0.002" errors="0" timestamp="2024-11-06T12:15:20 IST" skipped="0">
  <testcase classname="GroupExecutions.Test2" name="demo3" time="0.001"/>
  <system-out>
    <![CDATA[Test2-demo3-smoke and regression]]>
  </system-out>
  <testcase classname="GroupExecutions.Test2" name="demo1" time="0.001"/>
  <system-out>
    <![CDATA[Test2-demo1-smoke]]>
  </system-out>
</testsuite> <!-- GroupExecutions.Test2 -->
