<?xml version="1.0" encoding="UTF-8"?>
<!-- Generated by org.testng.reporters.JUnitReportReporter -->
<testsuite hostname="Srivarshitha" failures="0" tests="2" name="CrossBrowserparallel.Test2" time="77.937" errors="0" timestamp="2024-11-06T13:42:43 IST" skipped="0">
  <testcase classname="CrossBrowserparallel.Test2" name="swiggyTest" time="38.237"/>
  <system-out/>
  <testcase classname="CrossBrowserparallel.Test2" name="swiggyTest" time="39.700"/>
  <system-out/>
</testsuite> <!-- CrossBrowserparallel.Test2 -->
