<?xml version="1.0" encoding="UTF-8"?>
<!-- Generated by org.testng.reporters.JUnitReportReporter -->
<testsuite hostname="Srivarshitha" failures="0" tests="1" name="distributedParallelCh3.Test1" time="0.008" errors="0" timestamp="2024-11-08T13:17:23 IST" skipped="0">
  <testcase classname="distributedParallelCh3.Test1" name="demo1" time="0.008"/>
  <system-out/>
</testsuite> <!-- distributedParallelCh3.Test1 -->
