<?xml version="1.0" encoding="UTF-8"?>
<!-- Generated by org.testng.reporters.JUnitReportReporter -->
<testsuite hostname="Srivarshitha" failures="0" tests="2" name="TestNG.EnabledTest" time="0.011" errors="0" timestamp="2024-11-06T11:31:35 IST" skipped="1">
  <testcase classname="TestNG.EnabledTest" name="demo3" time="0.011"/>
  <system-out>
    <![CDATA[demo3]]>
  </system-out>
  <testcase classname="TestNG.EnabledTest" name="demo1">
    <skipped/>
  </testcase> <!-- demo1 -->
  <system-out/>
</testsuite> <!-- TestNG.EnabledTest -->
